Name              Stmts   Miss Branch BrPart  Cover   Missing
-------------------------------------------------------------
src/__init__.py       0      0      0      0 100.0%
src/client.py        91      3     16      3  94.4%   37, 63, 152
src/models.py        74      4     32      2  94.3%   20, 44-45, 48
src/server.py        97      4     18      2  94.8%   126, 156-158
src/view.py          13      0      0      0 100.0%
-------------------------------------------------------------
TOTAL               275     11     66      7  94.7%
